mode: set
github.com/cyriljohn147/carpooling/db/sqlc/balances.sql.go:25.97,36.2 4 1
github.com/cyriljohn147/carpooling/db/sqlc/balances.sql.go:43.70,46.2 2 1
github.com/cyriljohn147/carpooling/db/sqlc/balances.sql.go:54.79,65.2 4 1
github.com/cyriljohn147/carpooling/db/sqlc/balances.sql.go:80.109,82.16 2 1
github.com/cyriljohn147/carpooling/db/sqlc/balances.sql.go:82.16,84.3 1 1
github.com/cyriljohn147/carpooling/db/sqlc/balances.sql.go:85.2,87.18 3 1
github.com/cyriljohn147/carpooling/db/sqlc/balances.sql.go:87.18,95.17 2 1
github.com/cyriljohn147/carpooling/db/sqlc/balances.sql.go:95.17,97.4 1 0
github.com/cyriljohn147/carpooling/db/sqlc/balances.sql.go:98.3,98.27 1 1
github.com/cyriljohn147/carpooling/db/sqlc/balances.sql.go:100.2,100.37 1 1
github.com/cyriljohn147/carpooling/db/sqlc/balances.sql.go:100.37,102.3 1 0
github.com/cyriljohn147/carpooling/db/sqlc/balances.sql.go:103.2,103.35 1 1
github.com/cyriljohn147/carpooling/db/sqlc/balances.sql.go:103.35,105.3 1 0
github.com/cyriljohn147/carpooling/db/sqlc/balances.sql.go:106.2,106.19 1 1
github.com/cyriljohn147/carpooling/db/sqlc/balances.sql.go:121.109,132.2 4 1
github.com/cyriljohn147/carpooling/db/sqlc/db.go:19.28,21.2 1 1
github.com/cyriljohn147/carpooling/db/sqlc/db.go:27.47,31.2 1 1
github.com/cyriljohn147/carpooling/db/sqlc/participants.sql.go:25.103,35.2 4 1
github.com/cyriljohn147/carpooling/db/sqlc/participants.sql.go:42.74,45.2 2 1
github.com/cyriljohn147/carpooling/db/sqlc/participants.sql.go:53.87,63.2 4 1
github.com/cyriljohn147/carpooling/db/sqlc/participants.sql.go:78.121,80.16 2 1
github.com/cyriljohn147/carpooling/db/sqlc/participants.sql.go:80.16,82.3 1 1
github.com/cyriljohn147/carpooling/db/sqlc/participants.sql.go:83.2,85.18 3 1
github.com/cyriljohn147/carpooling/db/sqlc/participants.sql.go:85.18,92.17 2 1
github.com/cyriljohn147/carpooling/db/sqlc/participants.sql.go:92.17,94.4 1 0
github.com/cyriljohn147/carpooling/db/sqlc/participants.sql.go:95.3,95.27 1 1
github.com/cyriljohn147/carpooling/db/sqlc/participants.sql.go:97.2,97.37 1 1
github.com/cyriljohn147/carpooling/db/sqlc/participants.sql.go:97.37,99.3 1 0
github.com/cyriljohn147/carpooling/db/sqlc/participants.sql.go:100.2,100.35 1 1
github.com/cyriljohn147/carpooling/db/sqlc/participants.sql.go:100.35,102.3 1 0
github.com/cyriljohn147/carpooling/db/sqlc/participants.sql.go:103.2,103.19 1 1
github.com/cyriljohn147/carpooling/db/sqlc/participants.sql.go:118.119,128.2 4 1
github.com/cyriljohn147/carpooling/db/sqlc/trips.sql.go:26.88,42.2 4 1
github.com/cyriljohn147/carpooling/db/sqlc/trips.sql.go:49.67,52.2 2 1
github.com/cyriljohn147/carpooling/db/sqlc/trips.sql.go:60.73,71.2 4 1
github.com/cyriljohn147/carpooling/db/sqlc/trips.sql.go:84.88,86.16 2 1
github.com/cyriljohn147/carpooling/db/sqlc/trips.sql.go:86.16,88.3 1 1
github.com/cyriljohn147/carpooling/db/sqlc/trips.sql.go:89.2,91.18 3 1
github.com/cyriljohn147/carpooling/db/sqlc/trips.sql.go:91.18,99.17 2 1
github.com/cyriljohn147/carpooling/db/sqlc/trips.sql.go:99.17,101.4 1 0
github.com/cyriljohn147/carpooling/db/sqlc/trips.sql.go:102.3,102.27 1 1
github.com/cyriljohn147/carpooling/db/sqlc/trips.sql.go:104.2,104.37 1 1
github.com/cyriljohn147/carpooling/db/sqlc/trips.sql.go:104.37,106.3 1 0
github.com/cyriljohn147/carpooling/db/sqlc/trips.sql.go:107.2,107.35 1 1
github.com/cyriljohn147/carpooling/db/sqlc/trips.sql.go:107.35,109.3 1 0
github.com/cyriljohn147/carpooling/db/sqlc/trips.sql.go:110.2,110.19 1 1
github.com/cyriljohn147/carpooling/db/sqlc/trips.sql.go:128.88,145.2 4 1
github.com/cyriljohn147/carpooling/db/sqlc/users.sql.go:25.88,36.2 4 1
github.com/cyriljohn147/carpooling/db/sqlc/users.sql.go:43.67,46.2 2 1
github.com/cyriljohn147/carpooling/db/sqlc/users.sql.go:54.73,65.2 4 1
github.com/cyriljohn147/carpooling/db/sqlc/users.sql.go:78.88,80.16 2 1
github.com/cyriljohn147/carpooling/db/sqlc/users.sql.go:80.16,82.3 1 1
github.com/cyriljohn147/carpooling/db/sqlc/users.sql.go:83.2,85.18 3 1
github.com/cyriljohn147/carpooling/db/sqlc/users.sql.go:85.18,93.17 2 1
github.com/cyriljohn147/carpooling/db/sqlc/users.sql.go:93.17,95.4 1 0
github.com/cyriljohn147/carpooling/db/sqlc/users.sql.go:96.3,96.27 1 1
github.com/cyriljohn147/carpooling/db/sqlc/users.sql.go:98.2,98.37 1 1
github.com/cyriljohn147/carpooling/db/sqlc/users.sql.go:98.37,100.3 1 0
github.com/cyriljohn147/carpooling/db/sqlc/users.sql.go:101.2,101.35 1 1
github.com/cyriljohn147/carpooling/db/sqlc/users.sql.go:101.35,103.3 1 0
github.com/cyriljohn147/carpooling/db/sqlc/users.sql.go:104.2,104.19 1 1
github.com/cyriljohn147/carpooling/db/sqlc/users.sql.go:121.88,137.2 4 1
